<?xml version="1.0" encoding="UTF-8"?>
<testng-results ignored="0" total="1" passed="1" failed="0" skipped="0">
  <reporter-output>
  </reporter-output>
  <suite started-at="2023-12-14T20:15:07 EST" name="Default suite" finished-at="2023-12-14T20:15:17 EST" duration-ms="10040">
    <groups>
    </groups>
    <test started-at="2023-12-14T20:15:07 EST" name="Default test" finished-at="2023-12-14T20:15:17 EST" duration-ms="10040">
      <class name="test.LoginTest">
        <test-method signature="validUsershouldBeAbleToLogin()[pri:0, instance:test.LoginTest@4cc6fa2a]" started-at="2023-12-14T20:15:07 EST" name="validUsershouldBeAbleToLogin" finished-at="2023-12-14T20:15:17 EST" duration-ms="9934" status="PASS">
          <reporter-output>
          </reporter-output>
        </test-method> <!-- validUsershouldBeAbleToLogin -->
      </class> <!-- test.LoginTest -->
    </test> <!-- Default test -->
  </suite> <!-- Default suite -->
</testng-results>
